{
  "RSpec": {
    "coverage": {
      "/Users/Student/Desktop/Tristan_Makers/week10/GildedRose-Refactoring-Kata/ruby/spec/gilded_rose_spec.rb": {
        "lines": [
          1,
          1,
          null,
          1,
          2,
          2,
          2,
          2,
          2,
          null,
          1,
          1,
          1,
          1,
          1,
          1,
          1,
          1,
          null,
          null
        ]
      },
      "/Users/Student/Desktop/Tristan_Makers/week10/GildedRose-Refactoring-Kata/ruby/lib/gilded_rose.rb": {
        "lines": [
          1,
          1,
          1,
          1,
          1,
          null,
          1,
          1,
          null,
          1,
          1,
          null,
          null,
          1,
          0,
          0,
          null,
          null,
          null,
          1,
          1,
          5,
          1,
          4,
          1,
          3,
          1,
          2,
          1,
          null,
          1,
          null,
          null,
          null,
          null
        ]
      },
      "/Users/Student/Desktop/Tristan_Makers/week10/GildedRose-Refactoring-Kata/ruby/lib/update_aged_brie.rb": {
        "lines": [
          1,
          1,
          null,
          1,
          3,
          null,
          null,
          1,
          2,
          2,
          null,
          null,
          1,
          2,
          null,
          null
        ]
      },
      "/Users/Student/Desktop/Tristan_Makers/week10/GildedRose-Refactoring-Kata/ruby/lib/update_backstage_pass.rb": {
        "lines": [
          1,
          1,
          6,
          null,
          null,
          1,
          5,
          1,
          4,
          1,
          null,
          3,
          null,
          5,
          null,
          null,
          1,
          5,
          null,
          null,
          1,
          7,
          null,
          3,
          null,
          2,
          null,
          2,
          null,
          null,
          null
        ]
      },
      "/Users/Student/Desktop/Tristan_Makers/week10/GildedRose-Refactoring-Kata/ruby/lib/update_normal_item.rb": {
        "lines": [
          1,
          1,
          1,
          null,
          1,
          4,
          null,
          null,
          1,
          3,
          2,
          1,
          null,
          1,
          null,
          null,
          3,
          null,
          null,
          1,
          3,
          null,
          null,
          1,
          2,
          null,
          null,
          1,
          1,
          null,
          null,
          1,
          1,
          null,
          null
        ]
      },
      "/Users/Student/Desktop/Tristan_Makers/week10/GildedRose-Refactoring-Kata/ruby/lib/update_sulfuras.rb": {
        "lines": [
          1,
          1,
          2,
          null,
          null,
          1,
          null
        ]
      },
      "/Users/Student/Desktop/Tristan_Makers/week10/GildedRose-Refactoring-Kata/ruby/lib/update_conjured.rb": {
        "lines": [
          1,
          1,
          5,
          null,
          null,
          1,
          4,
          2,
          null,
          2,
          null,
          4,
          null,
          null,
          1,
          4,
          null,
          null,
          1,
          6,
          null,
          4,
          null,
          null
        ]
      },
      "/Users/Student/Desktop/Tristan_Makers/week10/GildedRose-Refactoring-Kata/ruby/lib/item.rb": {
        "lines": [
          1,
          1,
          null,
          1,
          24,
          24,
          24,
          null,
          null,
          1,
          1,
          null,
          null
        ]
      },
      "/Users/Student/Desktop/Tristan_Makers/week10/GildedRose-Refactoring-Kata/ruby/spec/item_spec.rb": {
        "lines": [
          1,
          null,
          1,
          5,
          null,
          1,
          1,
          null,
          null,
          1,
          1,
          null,
          null,
          1,
          1,
          null,
          null,
          1,
          1,
          null,
          null
        ]
      },
      "/Users/Student/Desktop/Tristan_Makers/week10/GildedRose-Refactoring-Kata/ruby/spec/update_aged_brie_spec.rb": {
        "lines": [
          1,
          null,
          1,
          2,
          2,
          null,
          1,
          1,
          1,
          1,
          null,
          null,
          1,
          1,
          1,
          1,
          null,
          null
        ]
      },
      "/Users/Student/Desktop/Tristan_Makers/week10/GildedRose-Refactoring-Kata/ruby/spec/update_backstage_pass_spec.rb": {
        "lines": [
          1,
          null,
          1,
          2,
          2,
          2,
          2,
          2,
          null,
          1,
          1,
          1,
          1,
          null,
          null,
          1,
          1,
          1,
          1,
          null,
          null,
          1,
          1,
          1,
          1,
          null,
          null,
          1,
          1,
          1,
          1,
          null,
          null,
          1,
          1,
          1,
          1,
          null,
          null
        ]
      },
      "/Users/Student/Desktop/Tristan_Makers/week10/GildedRose-Refactoring-Kata/ruby/spec/update_conjured_spec.rb": {
        "lines": [
          1,
          null,
          1,
          2,
          2,
          2,
          2,
          null,
          1,
          1,
          1,
          1,
          1,
          null,
          null,
          1,
          1,
          1,
          1,
          1,
          null,
          null,
          1,
          1,
          1,
          1,
          1,
          null,
          null,
          1,
          1,
          1,
          1,
          1,
          null,
          null
        ]
      },
      "/Users/Student/Desktop/Tristan_Makers/week10/GildedRose-Refactoring-Kata/ruby/spec/update_normal_item_spec.rb": {
        "lines": [
          1,
          null,
          1,
          2,
          2,
          2,
          null,
          1,
          1,
          1,
          1,
          null,
          null,
          1,
          1,
          1,
          1,
          null,
          null,
          1,
          1,
          1,
          1,
          null,
          null
        ]
      },
      "/Users/Student/Desktop/Tristan_Makers/week10/GildedRose-Refactoring-Kata/ruby/spec/update_sulfuras_spec.rb": {
        "lines": [
          1,
          null,
          1,
          2,
          null,
          1,
          1,
          1,
          1,
          null,
          null
        ]
      }
    },
    "timestamp": 1594885961
  }
}
